n/log_48797.png
n/log_49135.png
n/log_49337.png
n/log_49573.png
n/log_49911.png
n/log_48561.png
n/img_866.png
n/img_865.png
n/img_2711.png
n/img_2794.png
n/img_830_bis.png
n/img_2725.png
n/img_3597_bis.png
n/img_1326.png
n/1606702293693.png
n/img_885.png
n/img_964.png
n/img_3568.png
n/img_2766.png
n/img_2768.png
n/img_950.png
n/img_951.png
n/img_1327.png
n/img_3613_bis.png
n/img_3607_bis.png
n/img_167.png
n/img_250.png
n/img_1324.png
n/img_1325.png
n/img_1330.png
n/img_1371.png
n/img_1382.png
n/img_179.png
n/img_1367.png
n/img_1343.png
n/img_1365.png
n/img_1395.png
n/img_1410.png
n/img_1455.png
n/img_1536.png
n/img_249.png
n/img_1394.png
n/img_2609.png
n/img_2610.png
n/img_2611.png
n/img_2616.png
n/img_2796.png
n/img_2797.png
n/img_2798.png
n/img_3727.png
n/img_848.png
n/img_3686.png
n/img_906.png
n/img_3670.png
n/img_3719.png
n/img_3720.png
n/img_3724.png
n/img_3725.png
n/img_907.png
n/img_3673.png
n/img_3684.png
n/img_3700.png
n/img_916.png
n/img_3556.png
n/img_3569.png
n/img_3570.png
n/img_3595.png
n/img_3597.png
n/img_3598.png
n/img_3605.png
n/img_3606.png
n/img_3607.png
n/img_3611.png
n/img_3612.png
n/img_3615.png
n/img_3704.png
n/img_3722.png
n/img_952.png
n/1606702293672.png
n/1606702293677.png
n/1606702293680.png
n/1606702293678.png
n/1606702293679.png
n/1606702293682.png
n/1606702293685.png
n/leonard_20150617_default_110.png
n/leonard_20150617_default_165.png
n/1606702293670.png
n/1606702293684.png
n/1606702293673.png
n/1606702293688.png
n/1606702293690.png
n/leonard_20150617_default_115.png
n/leonard_20150617_default_156.png
n/leonard_20150617_default_160.png
n/1606702293676.png
n/1606702293674.png
n/1606702293683.png
n/1606702293686.png
n/leonard_20150617_default_168.png
n/1606702293687.png
n/1606702293689.png
n/1606702293691.png
n/1606702293692.png
n/leonard_20150617_default_104.png
n/leonard_20150617_default_150.png
n/leonard_20150617_default_166.png
n/leonard_20150617_default_172.png
n/leonard_20150617_default_125.png
n/leonard_20150617_default_152.png