p/316540_neg_up_log_1_crop_31_32_51_52_flip.png 1 0 0 20 20
p/320037_neg_up_log_1_crop_54_56_81_83_flip.png 1 0 0 27 27
p/332363_neg_up_log_1_crop_58_31_79_52_flip.png 1 0 0 21 21
p/332430_neg_up_log_1_crop_58_20_79_41_flip.png 1 0 0 21 21
p/337593_neg_up_log_2_crop_0_28_24_52_flip.png 1 0 0 24 24
p/345055_neg_up_log_2_crop_37_37_64_64_flip.png 1 0 0 27 27
p/347254_neg_up_log_1_crop_17_52_44_79_flip.png 1 0 0 27 27
p/348187_neg_up_log_2_crop_20_3_42_25_flip.png 1 0 0 22 22
p/350585_neg_up_log_1_crop_22_56_49_83_flip.png 1 0 0 27 27
p/350585_neg_up_log_1_crop_22_56_49_83.png 1 0 0 27 27
p/348187_neg_up_log_2_crop_20_3_42_25.png 1 0 0 22 22
p/347254_neg_up_log_1_crop_17_52_44_79.png 1 0 0 27 27
p/347021_neg_up_log_0_crop_161_0_193_32.png 1 0 0 32 32
p/345055_neg_up_log_2_crop_37_37_64_64.png 1 0 0 27 27
p/337593_neg_up_log_2_crop_0_28_24_52.png 1 0 0 24 24
p/332363_neg_up_log_1_crop_58_31_79_52.png 1 0 0 21 21
p/320037_neg_up_log_1_crop_54_56_81_83.png 1 0 0 27 27
p/316540_neg_up_log_1_crop_31_32_51_52.png 1 0 0 20 20
p/23467_neg_up_log_1_crop_33_34_50_51.png 1 0 0 17 17
p/23033_neg_up_log_2_crop_16_18_33_35.png 1 0 0 17 17
p/23033_neg_up_log_1_crop_33_34_51_52.png 1 0 0 18 18
p/23033_neg_up_log_0_crop_50_0_68_18.png 1 0 0 18 18
p/22701_neg_up_log_1_crop_32_33_51_52.png 1 0 0 19 19
p/22067_neg_up_log_2_crop_18_18_35_35.png 1 0 0 17 17
p/22067_neg_up_log_1_crop_32_34_51_53.png 1 0 0 19 19
p/22067_neg_up_log_0_crop_50_0_68_18.png 1 0 0 18 18
p/neg_up_log_163504_crop_65_4_117_56_flip.png 1 0 0 52 52
p/neg_up_log_163704_crop_26_47_78_99_flip.png 1 0 0 52 52
p/neg_up_log_170242_crop_21_31_89_99_flip.png 1 0 0 68 68
p/neg_up_log_171099_crop_125_45_179_99_flip.png 1 0 0 54 54
p/neg_up_log_174413_crop_127_50_163_86_flip.png 1 0 0 36 36
p/neg_up_log_175079_crop_126_54_163_91_flip.png 1 0 0 37 37
p/neg_up_log_175079_crop_126_54_163_91.png 1 0 0 37 37
p/neg_up_log_171099_crop_125_45_179_99.png 1 0 0 54 54
p/neg_up_log_170242_crop_21_31_89_99.png 1 0 0 68 68
p/neg_up_log_164104_crop_124_0_167_43.png 1 0 0 43 43
p/neg_up_log_163704_crop_26_47_78_99.png 1 0 0 52 52
p/log_525759_crop_524_271_605_352_flip.png 1 0 0 81 81
p/log_525961_crop_458_236_543_321_flip.png 1 0 0 85 85
p/log_528255_crop_518_312_599_393_flip.png 1 0 0 81 81
p/log_531459_crop_55_370_163_478_flip.png 1 0 0 108 108
p/log_534394_crop_555_384_639_468_flip.png 1 0 0 84 84
p/log_537632_crop_277_229_345_297_flip.png 1 0 0 68 68
p/log_548258_crop_439_106_479_146_flip.png 1 0 0 40 40
p/log_548494_crop_428_131_465_168_flip.png 1 0 0 37 37
p/log_548494_crop_428_131_465_168.png 1 0 0 37 37
p/log_548258_crop_439_106_479_146.png 1 0 0 40 40
p/log_537160_crop_420_291_513_384.png 1 0 0 93 93
p/log_534394_crop_555_384_639_468.png 1 0 0 84 84
p/log_531459_crop_55_370_163_478.png 1 0 0 108 108
p/log_528255_crop_518_312_599_393.png 1 0 0 81 81
p/log_525961_crop_458_236_543_321.png 1 0 0 85 85
p/img_2061_crop_262_76_316_130.png 1 0 0 54 54
p/img_2056_crop_294_97_345_148.png 1 0 0 51 51
p/img_2051_crop_380_66_404_90_flip.png 1 0 0 24 24
p/img_2052_crop_407_66_431_90_flip.png 1 0 0 24 24
p/img_2056_crop_402_76_426_100_flip.png 1 0 0 24 24
p/img_2060_crop_488_53_521_86_flip.png 1 0 0 33 33
p/img_2052_crop_407_66_431_90.png 1 0 0 24 24
p/img_2056_crop_402_76_426_100.png 1 0 0 24 24
p/img_2060_crop_488_53_521_86.png 1 0 0 33 33
p/img_2061_crop_534_52_568_86.png 1 0 0 34 34
p/img_2051_crop_380_66_404_90.png 1 0 0 24 24
p/img_2057_crop_393_60_417_84.png 1 0 0 24 24